0 info it worked if it ends with ok
1 verbose cli [ '/usr/local/bin/node', '/usr/local/bin/npm', 'run', 'build' ]
2 info using npm@3.10.10
3 info using node@v6.9.4
4 verbose run-script [ 'prebuild', 'build', 'postbuild' ]
5 info lifecycle electron-DB-app@1.4.15~prebuild: electron-DB-app@1.4.15
6 silly lifecycle electron-DB-app@1.4.15~prebuild: no script for prebuild, continuing
7 info lifecycle electron-DB-app@1.4.15~build: electron-DB-app@1.4.15
8 verbose lifecycle electron-DB-app@1.4.15~build: unsafe-perm in lifecycle true
9 verbose lifecycle electron-DB-app@1.4.15~build: PATH: /usr/local/lib/node_modules/npm/bin/node-gyp-bin:/Users/roiyer/Desktop/electron-prebuilt-master/electron-DB-app/node_modules/.bin:/usr/bin:/bin:/usr/sbin:/sbin:/usr/local/bin
10 verbose lifecycle electron-DB-app@1.4.15~build: CWD: /Users/roiyer/Desktop/electron-prebuilt-master/electron-DB-app
11 silly lifecycle electron-DB-app@1.4.15~build: Args: [ '-c',
11 silly lifecycle   'electron-packager . dbApp --platform=all --arch=all --version=1.4.15' ]
12 silly lifecycle electron-DB-app@1.4.15~build: Returned: code: 1  signal: null
13 info lifecycle electron-DB-app@1.4.15~build: Failed to exec build script
14 verbose stack Error: electron-DB-app@1.4.15 build: `electron-packager . dbApp --platform=all --arch=all --version=1.4.15`
14 verbose stack Exit status 1
14 verbose stack     at EventEmitter.<anonymous> (/usr/local/lib/node_modules/npm/lib/utils/lifecycle.js:255:16)
14 verbose stack     at emitTwo (events.js:106:13)
14 verbose stack     at EventEmitter.emit (events.js:191:7)
14 verbose stack     at ChildProcess.<anonymous> (/usr/local/lib/node_modules/npm/lib/utils/spawn.js:40:14)
14 verbose stack     at emitTwo (events.js:106:13)
14 verbose stack     at ChildProcess.emit (events.js:191:7)
14 verbose stack     at maybeClose (internal/child_process.js:877:16)
14 verbose stack     at Process.ChildProcess._handle.onexit (internal/child_process.js:226:5)
15 verbose pkgid electron-DB-app@1.4.15
16 verbose cwd /Users/roiyer/Desktop/electron-prebuilt-master/electron-DB-app
17 error Darwin 15.6.0
18 error argv "/usr/local/bin/node" "/usr/local/bin/npm" "run" "build"
19 error node v6.9.4
20 error npm  v3.10.10
21 error code ELIFECYCLE
22 error electron-DB-app@1.4.15 build: `electron-packager . dbApp --platform=all --arch=all --version=1.4.15`
22 error Exit status 1
23 error Failed at the electron-DB-app@1.4.15 build script 'electron-packager . dbApp --platform=all --arch=all --version=1.4.15'.
23 error Make sure you have the latest version of node.js and npm installed.
23 error If you do, this is most likely a problem with the electron-DB-app package,
23 error not with npm itself.
23 error Tell the author that this fails on your system:
23 error     electron-packager . dbApp --platform=all --arch=all --version=1.4.15
23 error You can get information on how to open an issue for this project with:
23 error     npm bugs electron-DB-app
23 error Or if that isn't available, you can get their info via:
23 error     npm owner ls electron-DB-app
23 error There is likely additional logging output above.
24 verbose exit [ 1, true ]
